<?xml version="1.0" encoding="UTF-8"?>
<!-- Generated by org.testng.reporters.JUnitReportReporter -->
<testsuite skipped="0" hostname="Luca-PC" name="me.compiladores.compiler.CompilerTest" tests="12" failures="0" timestamp="16 jun 2017 14:38:54 GMT" time="0.813" errors="0">
  <testcase name="runningCodeOutputsExpectedText" time="0.062" classname="me.compiladores.compiler.CompilerTest"/>
  <testcase name="runningCodeOutputsExpectedText" time="0.066" classname="me.compiladores.compiler.CompilerTest"/>
  <testcase name="compilingCode_throwsUndeclaredVariableExcepton_ifVariableIsUndefined" time="0.004" classname="me.compiladores.compiler.CompilerTest"/>
  <testcase name="runningCodeOutputsExpectedText" time="0.063" classname="me.compiladores.compiler.CompilerTest"/>
  <testcase name="runningCodeOutputsExpectedText" time="0.062" classname="me.compiladores.compiler.CompilerTest"/>
  <testcase name="runningCodeOutputsExpectedText" time="0.072" classname="me.compiladores.compiler.CompilerTest"/>
  <testcase name="runningCodeOutputsExpectedText" time="0.063" classname="me.compiladores.compiler.CompilerTest"/>
  <testcase name="runningCodeOutputsExpectedText" time="0.060" classname="me.compiladores.compiler.CompilerTest"/>
  <testcase name="runningCodeOutputsExpectedText" time="0.061" classname="me.compiladores.compiler.CompilerTest"/>
  <testcase name="runningCodeOutputsExpectedText" time="0.173" classname="me.compiladores.compiler.CompilerTest"/>
  <testcase name="compilingCode_throwsDeclaringDefinedVariableExcepton_ifVariableIsAlreadyDeclared" time="0.070" classname="me.compiladores.compiler.CompilerTest"/>
  <testcase name="runningCodeOutputsExpectedText" time="0.057" classname="me.compiladores.compiler.CompilerTest"/>
</testsuite> <!-- me.compiladores.compiler.CompilerTest -->
