<?xml version="1.0" encoding="UTF-8"?>
<!-- Generated by org.testng.reporters.JUnitReportReporter -->
<testsuite skipped="0" hostname="Luca-PC" name="me.compiladores.compiler.CompilerTest" tests="5" failures="0" timestamp="08 jun 2017 22:54:20 GMT" time="0.502" errors="0">
  <testcase name="runningCodeOutputsExpectedText" time="0.061" classname="me.compiladores.compiler.CompilerTest"/>
  <testcase name="runningCodeOutputsExpectedText" time="0.061" classname="me.compiladores.compiler.CompilerTest"/>
  <testcase name="runningCodeOutputsExpectedText" time="0.248" classname="me.compiladores.compiler.CompilerTest"/>
  <testcase name="runningCodeOutputsExpectedText" time="0.072" classname="me.compiladores.compiler.CompilerTest"/>
  <testcase name="runningCodeOutputsExpectedText" time="0.060" classname="me.compiladores.compiler.CompilerTest"/>
</testsuite> <!-- me.compiladores.compiler.CompilerTest -->
